#
# There is insufficient memory for the Java Runtime Environment to continue.
# Native memory allocation (malloc) failed to allocate 1048576 bytes for AllocateHeap
# Possible reasons:
#   The system is out of physical RAM or swap space
#   The process is running with CompressedOops enabled, and the Java Heap may be blocking the growth of the native heap
# Possible solutions:
#   Reduce memory load on the system
#   Increase physical memory or swap space
#   Check if swap backing store is full
#   Decrease Java heap size (-Xmx/-Xms)
#   Decrease number of Java threads
#   Decrease Java thread stack sizes (-Xss)
#   Set larger code cache with -XX:ReservedCodeCacheSize=
#   JVM is running with Unscaled Compressed Oops mode in which the Java heap is
#     placed in the first 4GB address space. The Java Heap base address is the
#     maximum limit for the native heap growth. Please use -XX:HeapBaseMinAddress
#     to set the Java Heap base and to place the Java Heap above 4GB virtual address.
# This output file may be truncated or incomplete.
#
#  Out of Memory Error (memory/allocation.inline.hpp:61), pid=29216, tid=0x00000000000071dc
#
# JRE version:  (8.0_221-b11) (build )
# Java VM: Java HotSpot(TM) 64-Bit Server VM (25.221-b11 mixed mode windows-amd64 compressed oops)
# Failed to write core dump. Minidumps are not enabled by default on client versions of Windows
#

---------------  T H R E A D  ---------------

Current thread (0x0000000003493800):  JavaThread "Unknown thread" [_thread_in_vm, id=29148, stack(0x0000000003240000,0x0000000003340000)]

Stack: [0x0000000003240000,0x0000000003340000]
[error occurred during error reporting (printing stack bounds), id 0xc0000005]

Native frames: (J=compiled Java code, j=interpreted, Vv=VM code, C=native code)


---------------  P R O C E S S  ---------------

Java Threads: ( => current thread )

Other Threads:

=>0x0000000003493800 (exited) JavaThread "Unknown thread" [_thread_in_vm, id=29148, stack(0x0000000003240000,0x0000000003340000)]

VM state:not at safepoint (normal execution)

VM Mutex/Monitor currently owned by a thread: None

heap address: 0x0000000082200000, size: 2014 MB, Compressed Oops mode: 32-bit
Narrow klass base: 0x0000000000000000, Narrow klass shift: 3
Compressed class space size: 1073741824 Address: 0x0000000100000000

Heap:
 PSYoungGen      total 37888K, used 655K [0x00000000d6100000, 0x00000000d8b00000, 0x0000000100000000)
  eden space 32768K, 2% used [0x00000000d6100000,0x00000000d61a3d80,0x00000000d8100000)
  from space 5120K, 0% used [0x00000000d8600000,0x00000000d8600000,0x00000000d8b00000)
  to   space 5120K, 0% used [0x00000000d8100000,0x00000000d8100000,0x00000000d8600000)
 ParOldGen       total 86016K, used 0K [0x0000000082200000, 0x0000000087600000, 0x00000000d6100000)
  object space 86016K, 0% used [0x0000000082200000,0x0000000082200000,0x0000000087600000)
 Metaspace       used 776K, capacity 4480K, committed 4480K, reserved 1056768K
  class space    used 76K, capacity 384K, committed 384K, reserved 1048576K

Card table byte_map: [0x0000000012950000,0x0000000012d40000] byte_map_base: 0x000000001253f000

Marking Bits: (ParMarkBitMap*) 0x0000000057f65ce0
 Begin Bits: [0x00000000137e0000, 0x0000000015758000)
 End Bits:   [0x0000000015758000, 0x00000000176d0000)

Polling page: 0x0000000001160000

CodeCache: size=245760Kb used=328Kb max_used=328Kb free=245431Kb
 bounds [0x0000000003590000, 0x0000000003800000, 0x0000000012590000]
 total_blobs=58 nmethods=0 adapters=38
 compilation: enabled

Compilation events (0 events):
No events

GC Heap History (0 events):
No events

Deoptimization events (0 events):
No events

Classes redefined (0 events):
No events

Internal exceptions (0 events):
No events

Events (10 events):
Event: 0.025 loading class java/lang/Short
Event: 0.025 loading class java/lang/Short done
Event: 0.025 loading class java/lang/Integer
Event: 0.026 loading class java/lang/Integer done
Event: 0.026 loading class java/lang/Long
Event: 0.026 loading class java/lang/Long done
Event: 0.026 loading class java/lang/NullPointerException
Event: 0.026 loading class java/lang/NullPointerException done
Event: 0.026 loading class java/lang/ArithmeticException
Event: 0.026 loading class java/lang/ArithmeticException done


Dynamic libraries:
0x00007ff6916d0000 - 0x00007ff691707000 	C:\Program Files\Java\jdk1.8.0_221\bin\java.exe
0x00007ffac7760000 - 0x00007ffac7950000 	C:\Windows\SYSTEM32\ntdll.dll
0x00007ffac6b90000 - 0x00007ffac6c42000 	C:\Windows\System32\KERNEL32.DLL
0x00007ffac4ff0000 - 0x00007ffac5293000 	C:\Windows\System32\KERNELBASE.dll
0x00007ffac5c60000 - 0x00007ffac5d03000 	C:\Windows\System32\ADVAPI32.dll
0x00007ffac7680000 - 0x00007ffac771e000 	C:\Windows\System32\msvcrt.dll
0x00007ffac6260000 - 0x00007ffac62f7000 	C:\Windows\System32\sechost.dll
0x00007ffac74f0000 - 0x00007ffac7610000 	C:\Windows\System32\RPCRT4.dll
0x00007ffac6300000 - 0x00007ffac6494000 	C:\Windows\System32\USER32.dll
0x00007ffac46f0000 - 0x00007ffac4711000 	C:\Windows\System32\win32u.dll
0x00007ffac6d30000 - 0x00007ffac6d56000 	C:\Windows\System32\GDI32.dll
0x00007ffac53a0000 - 0x00007ffac5534000 	C:\Windows\System32\gdi32full.dll
0x00007ffac4720000 - 0x00007ffac47be000 	C:\Windows\System32\msvcp_win.dll
0x00007ffac52a0000 - 0x00007ffac539a000 	C:\Windows\System32\ucrtbase.dll
0x00007ffaacd10000 - 0x00007ffaacf95000 	C:\Windows\WinSxS\amd64_microsoft.windows.common-controls_6595b64144ccf1df_6.0.18362.476_none_e6c4b11b130f2595\COMCTL32.dll
0x00007ffac6d60000 - 0x00007ffac7096000 	C:\Windows\System32\combase.dll
0x00007ffac5700000 - 0x00007ffac5780000 	C:\Windows\System32\bcryptPrimitives.dll
0x00007ffac5a10000 - 0x00007ffac5a3e000 	C:\Windows\System32\IMM32.DLL
0x00000000580e0000 - 0x00000000581b2000 	C:\Program Files\Java\jdk1.8.0_221\jre\bin\msvcr100.dll
0x0000000057740000 - 0x0000000057fe5000 	C:\Program Files\Java\jdk1.8.0_221\jre\bin\server\jvm.dll
0x00007ffac71c0000 - 0x00007ffac71c8000 	C:\Windows\System32\PSAPI.DLL
0x00007ffabe650000 - 0x00007ffabe65a000 	C:\Windows\SYSTEM32\VERSION.dll
0x00007ffac0210000 - 0x00007ffac0234000 	C:\Windows\SYSTEM32\WINMM.dll
0x00007ffaae600000 - 0x00007ffaae609000 	C:\Windows\SYSTEM32\WSOCK32.dll
0x00007ffac7610000 - 0x00007ffac767f000 	C:\Windows\System32\WS2_32.dll
0x00007ffac01e0000 - 0x00007ffac020d000 	C:\Windows\SYSTEM32\WINMMBASE.dll
0x00007ffac56b0000 - 0x00007ffac56fa000 	C:\Windows\System32\cfgmgr32.dll
0x00007ffab3f30000 - 0x00007ffab3f3f000 	C:\Program Files\Java\jdk1.8.0_221\jre\bin\verify.dll
0x00007ffaad4e0000 - 0x00007ffaad509000 	C:\Program Files\Java\jdk1.8.0_221\jre\bin\java.dll
0x00007ffab5da0000 - 0x00007ffab5dc3000 	C:\Program Files\Java\jdk1.8.0_221\jre\bin\instrument.dll
0x00007ffa99fb0000 - 0x00007ffa99fc6000 	C:\Program Files\Java\jdk1.8.0_221\jre\bin\zip.dll

VM Arguments:
jvm_args: -javaagent:E:\编程软件合集\IntelliJ IDEA 2019.2.3\lib\idea_rt.jar=65493:E:\编程软件合集\IntelliJ IDEA 2019.2.3\bin -Dfile.encoding=UTF-8 
java_command: TableView
java_class_path (initial): C:\Program Files\Java\jdk1.8.0_221\jre\lib\charsets.jar;C:\Program Files\Java\jdk1.8.0_221\jre\lib\deploy.jar;C:\Program Files\Java\jdk1.8.0_221\jre\lib\ext\access-bridge-64.jar;C:\Program Files\Java\jdk1.8.0_221\jre\lib\ext\cldrdata.jar;C:\Program Files\Java\jdk1.8.0_221\jre\lib\ext\dnsns.jar;C:\Program Files\Java\jdk1.8.0_221\jre\lib\ext\jaccess.jar;C:\Program Files\Java\jdk1.8.0_221\jre\lib\ext\jfxrt.jar;C:\Program Files\Java\jdk1.8.0_221\jre\lib\ext\localedata.jar;C:\Program Files\Java\jdk1.8.0_221\jre\lib\ext\nashorn.jar;C:\Program Files\Java\jdk1.8.0_221\jre\lib\ext\sunec.jar;C:\Program Files\Java\jdk1.8.0_221\jre\lib\ext\sunjce_provider.jar;C:\Program Files\Java\jdk1.8.0_221\jre\lib\ext\sunmscapi.jar;C:\Program Files\Java\jdk1.8.0_221\jre\lib\ext\sunpkcs11.jar;C:\Program Files\Java\jdk1.8.0_221\jre\lib\ext\zipfs.jar;C:\Program Files\Java\jdk1.8.0_221\jre\lib\javaws.jar;C:\Program Files\Java\jdk1.8.0_221\jre\lib\jce.jar;C:\Program Files\Java\jdk1.8.0_221\jre\lib\jfr.jar;C:\Program Files\Java\jdk1.8.0_221\jre\lib\jfxswt.jar;C:\Program Files\Java\jdk1.8.0_221\jre\lib\jsse.jar;C:\Program Files\Java\jdk1.8.0_221\jre\lib\management-agent.jar;C:\Program Files\Java\jdk1.8.0_221\jre\lib\plugin.jar;C:\Program Files\Java\jdk1.8.0_221\jre\lib\resources.jar;C:\Program Files\Java\jdk1.8.0_221\jre\lib\rt.jar;E:\项目开发\Swing组件测试\out\production\Swing组件测试;E:\编程软件合集\IntelliJ IDEA 2019.2.3\lib\idea_rt.jar
Launcher Type: SUN_STANDARD

Environment Variables:
JAVA_HOME=C:\Program Files\Java\jdk1.8.0_221
CLASSPATH=.;C:\Program Files\Java\jdk1.8.0_221\lib;C:\Program Files\Java\jdk1.8.0_221\lib\tools.jar
PATH=E:\Git\bin;C:\Program Files\MySQL\MySQL Server 8.0\bin;C:\Program Files\Java\jdk1.8.0_221;"C:\Program Files\Java\jdk1.8.0_221\bin;C:\Program Files\Java\jdk1.8.0_221\jre\bin";D:\tool\maven\bin;E:\网络工具集合\;C:\Pr;gram Files (x86)\Common Files\Oracle\Java\javapath;C:\Windows\system32;C:\Windows;C:\Windows\System32\Wbem;C:\Windows\System32\WindowsPowerShell\v1.0\;C:\Windows\System32\OpenSSH\;C:\Program Files (x86)\NVIDIA Corporation\PhysX\Common;C:\Program Files\Intel\WiFi\bin\;C:\Program Files\Common Files\Intel\WirelessCommon\;E:\Node\;D:\tool\maven\conf;E:\SQLServerShare\110\DTS\Binn\;E:\SQLServerShareTwo\110\Tools\Binn\;E:\SQLServerShare\110\Tools\Binn\;E:\SQLServerShareTwo\110\Tools\Binn\ManagementStudio\;C:\Program Files (x86)\Microsoft Visual Studio 10.0\Common7\IDE\PrivateAssemblies\;E:\SQLServerShareTwo\110\DTS\Binn\;C:\ProgramData\chocolatey\bin;C:\Program Files\MySQL\MySQL Shell 8.0\bin\;C:\Users\LSF\AppData\Local\Programs\Python\Python38-32\Scripts\;C:\Users\LSF\AppData\Local\Programs\Python\Python38-32\;C:\Users\LSF\AppData\Local\Microsoft\WindowsApps;C:\Program Files\Intel\WiFi\bin\;C:\Program Files\Common Files\Intel\WirelessCommon\;E:\编程软件合集\Microsoft VS Code\bin;C:\Users\LSF\AppData\Roaming\npm;E:\Node;E:\Node\node_global;;E:\编程软件合集\PyCharm Community Edition 2019.2.4\bin;
USERNAME=LSF
OS=Windows_NT
PROCESSOR_IDENTIFIER=Intel64 Family 6 Model 158 Stepping 10, GenuineIntel



---------------  S Y S T E M  ---------------

OS: Windows 10.0 , 64 bit Build 18362 (10.0.18362.329)

CPU:total 8 (initial active 8) (4 cores per cpu, 2 threads per core) family 6 model 158 stepping 10, cmov, cx8, fxsr, mmx, sse, sse2, sse3, ssse3, sse4.1, sse4.2, popcnt, avx, avx2, aes, clmul, erms, 3dnowpref, lzcnt, ht, tsc, tscinvbit, bmi1, bmi2, adx

Memory: 4k page, physical 8245928k(493628k free), swap 21939748k(190588k free)

vm_info: Java HotSpot(TM) 64-Bit Server VM (25.221-b11) for windows-amd64 JRE (1.8.0_221-b11), built on Jul  4 2019 04:39:29 by "java_re" with MS VC++ 10.0 (VS2010)

time: Tue Dec 10 17:15:53 2019
timezone: 中国标准时间
elapsed time: 0 seconds (0d 0h 0m 0s)

